[INFO] 2025-11-12 13:03:00,333 [main_window:main_window.py:41]
Thread: MainThread
Message: PLC 모니터링 애플리케이션 시작

[INFO] 2025-11-12 13:04:33,057 [main_window:main_window.py:41]
Thread: MainThread
Message: PLC 모니터링 애플리케이션 시작

[INFO] 2025-11-12 13:05:14,175 [main_window:main_window.py:13]
Thread: MainThread
Message: PLC 모니터링 애플리케이션 시작

[INFO] 2025-11-12 13:08:07,774 [main_window:main_window.py:13]
Thread: MainThread
Message: PLC 모니터링 애플리케이션 시작

[INFO] 2025-11-12 13:12:51,770 [main_window:main_window.py:13]
Thread: MainThread
Message: PLC 모니터링 애플리케이션 시작

[INFO] 2025-11-12 13:21:21,807 [main_window:main_window.py:13]
Thread: MainThread
Message: PLC 모니터링 애플리케이션 시작

[INFO] 2025-11-12 13:21:34,473 [main_window:main_window.py:13]
Thread: MainThread
Message: PLC 모니터링 애플리케이션 시작

[INFO] 2025-11-12 15:15:37,504 [main_window:main_window.py:13]
Thread: MainThread
Message: PLC 모니터링 애플리케이션 시작

[INFO] 2025-11-12 15:16:40,275 [main_window:main_window.py:15]
Thread: MainThread
Message: PLC 모니터링 애플리케이션 시작

[INFO] 2025-11-12 15:24:27,052 [main_window:main_window.py:15]
Thread: MainThread
Message: PLC 모니터링 애플리케이션 시작

[INFO] 2025-11-12 15:33:55,811 [main_window:main_window.py:15]
Thread: MainThread
Message: PLC 모니터링 애플리케이션 시작

[INFO] 2025-11-12 15:34:53,678 [main_window:main_window.py:15]
Thread: MainThread
Message: PLC 모니터링 애플리케이션 시작

[INFO] 2025-11-12 15:35:02,855 [main_window:main_window.py:15]
Thread: MainThread
Message: PLC 모니터링 애플리케이션 시작

[INFO] 2025-11-12 15:39:32,779 [main_window:main_window.py:15]
Thread: MainThread
Message: PLC 모니터링 애플리케이션 시작

[INFO] 2025-11-12 15:53:43,664 [main_window:main_window.py:15]
Thread: MainThread
Message: PLC 모니터링 애플리케이션 시작

[INFO] 2025-11-12 15:54:13,902 [main_window:main_window.py:15]
Thread: MainThread
Message: PLC 모니터링 애플리케이션 시작

[INFO] 2025-11-12 16:58:53,864 [main_window:main_window.py:14]
Thread: MainThread
Message: PLC 모니터링 애플리케이션 시작

[INFO] 2025-11-12 17:02:21,808 [main_window:main_window.py:14]
Thread: MainThread
Message: PLC 모니터링 애플리케이션 시작

[INFO] 2025-11-12 17:05:20,044 [main_window:main_window.py:14]
Thread: MainThread
Message: PLC 모니터링 애플리케이션 시작

[INFO] 2025-11-12 17:26:13,472 [main_window:main_window.py:14]
Thread: MainThread
Message: PLC 모니터링 애플리케이션 시작

[INFO] 2025-11-12 18:31:24,569 [main_window:main_window.py:14]
Thread: MainThread
Message: PLC 모니터링 애플리케이션 시작

[INFO] 2025-11-12 18:37:19,250 [main_window:main_window.py:14]
Thread: MainThread
Message: PLC 모니터링 애플리케이션 시작

[INFO] 2025-11-12 18:41:24,262 [main_window:main_window.py:14]
Thread: MainThread
Message: PLC 모니터링 애플리케이션 시작

[INFO] 2025-11-12 18:45:31,292 [main_window:main_window.py:14]
Thread: MainThread
Message: PLC 모니터링 애플리케이션 시작

[INFO] 2025-11-12 18:57:26,362 [main_window:main_window.py:14]
Thread: MainThread
Message: PLC 모니터링 애플리케이션 시작

[INFO] 2025-11-12 18:57:40,359 [main_window:main_window.py:14]
Thread: MainThread
Message: PLC 모니터링 애플리케이션 시작

[INFO] 2025-11-12 19:02:01,211 [main_window:main_window.py:14]
Thread: MainThread
Message: PLC 모니터링 애플리케이션 시작

[INFO] 2025-11-12 19:02:44,539 [main_window:main_window.py:14]
Thread: MainThread
Message: PLC 모니터링 애플리케이션 시작

[INFO] 2025-11-12 19:04:06,949 [main_window:main_window.py:15]
Thread: MainThread
Message: PLC 모니터링 애플리케이션 시작

[INFO] 2025-11-12 19:04:07,051 [main_window:main_window.py:81]
Thread: MainThread
Message: 윈도우 크기: 1920x1080

[INFO] 2025-11-12 19:04:07,052 [main_window:main_window.py:82]
Thread: MainThread
Message: UI 초기화 완료

[INFO] 2025-11-12 19:08:48,895 [main_window:main_window.py:15]
Thread: MainThread
Message: PLC 모니터링 애플리케이션 시작

[INFO] 2025-11-12 19:08:48,996 [main_window:main_window.py:81]
Thread: MainThread
Message: 윈도우 크기: 1920x1080

[INFO] 2025-11-12 19:08:48,996 [main_window:main_window.py:82]
Thread: MainThread
Message: UI 초기화 완료

[INFO] 2025-11-12 19:09:08,781 [main_window:main_window.py:87]
Thread: MainThread
Message: 모니터링 시작

[INFO] 2025-11-12 19:13:13,223 [main_window:main_window.py:15]
Thread: MainThread
Message: PLC 모니터링 애플리케이션 시작

[INFO] 2025-11-12 19:13:13,329 [main_window:main_window.py:81]
Thread: MainThread
Message: 윈도우 크기: 1920x1080

[INFO] 2025-11-12 19:13:13,329 [main_window:main_window.py:82]
Thread: MainThread
Message: UI 초기화 완료

[INFO] 2025-11-12 19:13:28,386 [main_window:main_window.py:87]
Thread: MainThread
Message: 모니터링 시작

[INFO] 2025-11-12 19:18:29,665 [main_window:main_window.py:15]
Thread: MainThread
Message: PLC 모니터링 애플리케이션 시작

[INFO] 2025-11-12 19:18:29,770 [main_window:main_window.py:81]
Thread: MainThread
Message: 윈도우 크기: 1920x1080

[INFO] 2025-11-12 19:18:29,771 [main_window:main_window.py:82]
Thread: MainThread
Message: UI 초기화 완료

[INFO] 2025-11-12 19:20:29,521 [main_window:main_window.py:15]
Thread: MainThread
Message: PLC 모니터링 애플리케이션 시작

[INFO] 2025-11-12 19:20:29,636 [main_window:main_window.py:81]
Thread: MainThread
Message: 윈도우 크기: 1920x1080

[INFO] 2025-11-12 19:20:29,636 [main_window:main_window.py:82]
Thread: MainThread
Message: UI 초기화 완료

[INFO] 2025-11-12 19:43:04,100 [main_window:main_window.py:15]
Thread: MainThread
Message: PLC 모니터링 애플리케이션 시작

[INFO] 2025-11-12 19:43:04,207 [main_window:main_window.py:81]
Thread: MainThread
Message: 윈도우 크기: 1920x1080

[INFO] 2025-11-12 19:43:04,207 [main_window:main_window.py:82]
Thread: MainThread
Message: UI 초기화 완료

[INFO] 2025-11-12 19:51:52,327 [main_window:main_window.py:15]
Thread: MainThread
Message: PLC 모니터링 애플리케이션 시작

[INFO] 2025-11-12 19:51:52,435 [main_window:main_window.py:81]
Thread: MainThread
Message: 윈도우 크기: 1920x1080

[INFO] 2025-11-12 19:51:52,436 [main_window:main_window.py:82]
Thread: MainThread
Message: UI 초기화 완료

[INFO] 2025-11-12 19:53:41,434 [main_window:main_window.py:15]
Thread: MainThread
Message: PLC 모니터링 애플리케이션 시작

[INFO] 2025-11-12 19:53:41,541 [main_window:main_window.py:81]
Thread: MainThread
Message: 윈도우 크기: 1920x1080

[INFO] 2025-11-12 19:53:41,541 [main_window:main_window.py:82]
Thread: MainThread
Message: UI 초기화 완료

[INFO] 2025-11-12 19:53:52,410 [main_window:main_window.py:15]
Thread: MainThread
Message: PLC 모니터링 애플리케이션 시작

[INFO] 2025-11-12 19:53:52,521 [main_window:main_window.py:81]
Thread: MainThread
Message: 윈도우 크기: 1920x1080

[INFO] 2025-11-12 19:53:52,521 [main_window:main_window.py:82]
Thread: MainThread
Message: UI 초기화 완료

[INFO] 2025-11-12 19:53:54,843 [main_window:main_window.py:87]
Thread: MainThread
Message: 모니터링 시작

[INFO] 2025-11-12 19:56:36,760 [main_window:main_window.py:15]
Thread: MainThread
Message: PLC 모니터링 애플리케이션 시작

[INFO] 2025-11-12 19:56:36,876 [main_window:main_window.py:81]
Thread: MainThread
Message: 윈도우 크기: 1920x1080

[INFO] 2025-11-12 19:56:36,877 [main_window:main_window.py:82]
Thread: MainThread
Message: UI 초기화 완료

[INFO] 2025-11-12 19:56:38,312 [main_window:main_window.py:87]
Thread: MainThread
Message: 모니터링 시작

[INFO] 2025-11-13 07:39:01,596 [main_window:main_window.py:15]
Thread: MainThread
Message: PLC 모니터링 애플리케이션 시작

[INFO] 2025-11-13 07:39:01,736 [main_window:main_window.py:81]
Thread: MainThread
Message: 윈도우 크기: 1920x1080

[INFO] 2025-11-13 07:39:01,737 [main_window:main_window.py:82]
Thread: MainThread
Message: UI 초기화 완료

[INFO] 2025-11-13 07:39:04,137 [main_window:main_window.py:87]
Thread: MainThread
Message: 모니터링 시작

[INFO] 2025-11-13 07:53:35,509 [main_window:main_window.py:15]
Thread: MainThread
Message: PLC 모니터링 애플리케이션 시작

[INFO] 2025-11-13 07:53:35,655 [main_window:main_window.py:81]
Thread: MainThread
Message: 윈도우 크기: 1920x1080

[INFO] 2025-11-13 07:53:35,655 [main_window:main_window.py:82]
Thread: MainThread
Message: UI 초기화 완료

[INFO] 2025-11-13 07:53:37,435 [main_window:main_window.py:87]
Thread: MainThread
Message: 모니터링 시작

[INFO] 2025-11-13 07:56:49,347 [main_window:main_window.py:15]
Thread: MainThread
Message: PLC 모니터링 애플리케이션 시작

[INFO] 2025-11-13 07:56:49,506 [main_window:main_window.py:81]
Thread: MainThread
Message: 윈도우 크기: 1920x1080

[INFO] 2025-11-13 07:56:49,507 [main_window:main_window.py:82]
Thread: MainThread
Message: UI 초기화 완료

[INFO] 2025-11-13 07:56:50,970 [main_window:main_window.py:87]
Thread: MainThread
Message: 모니터링 시작

[INFO] 2025-11-13 07:57:22,214 [main_window:main_window.py:15]
Thread: MainThread
Message: PLC 모니터링 애플리케이션 시작

[INFO] 2025-11-13 07:57:22,417 [main_window:main_window.py:81]
Thread: MainThread
Message: 윈도우 크기: 1920x1080

[INFO] 2025-11-13 07:57:22,418 [main_window:main_window.py:82]
Thread: MainThread
Message: UI 초기화 완료

[INFO] 2025-11-13 07:57:24,282 [main_window:main_window.py:87]
Thread: MainThread
Message: 모니터링 시작

[INFO] 2025-11-13 07:59:53,716 [main_window:main_window.py:15]
Thread: MainThread
Message: PLC 모니터링 애플리케이션 시작

[INFO] 2025-11-13 07:59:53,853 [main_window:main_window.py:81]
Thread: MainThread
Message: 윈도우 크기: 1920x1080

[INFO] 2025-11-13 07:59:53,854 [main_window:main_window.py:82]
Thread: MainThread
Message: UI 초기화 완료

[INFO] 2025-11-13 07:59:55,514 [main_window:main_window.py:87]
Thread: MainThread
Message: 모니터링 시작

[INFO] 2025-11-13 08:01:08,031 [main_window:main_window.py:15]
Thread: MainThread
Message: PLC 모니터링 애플리케이션 시작

[INFO] 2025-11-13 08:01:08,210 [main_window:main_window.py:81]
Thread: MainThread
Message: 윈도우 크기: 1920x1080

[INFO] 2025-11-13 08:01:08,210 [main_window:main_window.py:82]
Thread: MainThread
Message: UI 초기화 완료

[INFO] 2025-11-13 08:01:11,016 [main_window:main_window.py:87]
Thread: MainThread
Message: 모니터링 시작

[INFO] 2025-11-13 08:08:56,398 [main_window:main_window.py:15]
Thread: MainThread
Message: PLC 모니터링 애플리케이션 시작

[INFO] 2025-11-13 08:08:56,537 [main_window:main_window.py:81]
Thread: MainThread
Message: 윈도우 크기: 1920x1080

[INFO] 2025-11-13 08:08:56,537 [main_window:main_window.py:82]
Thread: MainThread
Message: UI 초기화 완료

[INFO] 2025-11-13 08:08:58,274 [main_window:main_window.py:87]
Thread: MainThread
Message: 모니터링 시작

[INFO] 2025-11-13 08:10:23,066 [main_window:main_window.py:15]
Thread: MainThread
Message: PLC 모니터링 애플리케이션 시작

[INFO] 2025-11-13 08:10:23,218 [main_window:main_window.py:81]
Thread: MainThread
Message: 윈도우 크기: 1920x1080

[INFO] 2025-11-13 08:10:23,218 [main_window:main_window.py:82]
Thread: MainThread
Message: UI 초기화 완료

[INFO] 2025-11-13 08:22:01,151 [main_window:main_window.py:17]
Thread: MainThread
Message: PLC 모니터링 애플리케이션 시작

[INFO] 2025-11-13 08:22:01,316 [main_window:main_window.py:84]
Thread: MainThread
Message: 윈도우 크기: 1920x1080

[INFO] 2025-11-13 08:22:01,316 [main_window:main_window.py:85]
Thread: MainThread
Message: UI 초기화 완료

[INFO] 2025-11-13 08:22:02,703 [main_window:main_window.py:90]
Thread: MainThread
Message: 모니터링 시작

[INFO] 2025-11-13 08:45:28,045 [main_window:main_window.py:17]
Thread: MainThread
Message: PLC 모니터링 애플리케이션 시작

[INFO] 2025-11-13 08:45:28,169 [main_window:main_window.py:83]
Thread: MainThread
Message: 윈도우 크기: 1920x1080

[INFO] 2025-11-13 08:45:28,169 [main_window:main_window.py:84]
Thread: MainThread
Message: UI 초기화 완료

[INFO] 2025-11-13 08:45:30,394 [main_window:main_window.py:89]
Thread: MainThread
Message: 모니터링 시작

[INFO] 2025-11-13 09:56:24,838 [main_window:main_window.py:17]
Thread: MainThread
Message: PLC 모니터링 애플리케이션 시작

[INFO] 2025-11-13 09:56:24,945 [main_window:main_window.py:83]
Thread: MainThread
Message: 윈도우 크기: 1920x1080

[INFO] 2025-11-13 09:56:24,945 [main_window:main_window.py:84]
Thread: MainThread
Message: UI 초기화 완료

[INFO] 2025-11-13 09:56:57,521 [main_window:main_window.py:17]
Thread: MainThread
Message: PLC 모니터링 애플리케이션 시작

[INFO] 2025-11-13 09:56:57,629 [main_window:main_window.py:83]
Thread: MainThread
Message: 윈도우 크기: 1920x900

[INFO] 2025-11-13 09:56:57,629 [main_window:main_window.py:84]
Thread: MainThread
Message: UI 초기화 완료

[INFO] 2025-11-13 10:02:26,887 [main_window:main_window.py:17]
Thread: MainThread
Message: PLC 모니터링 애플리케이션 시작

[INFO] 2025-11-13 10:02:27,001 [main_window:main_window.py:83]
Thread: MainThread
Message: 윈도우 크기: 1920x900

[INFO] 2025-11-13 10:02:27,001 [main_window:main_window.py:84]
Thread: MainThread
Message: UI 초기화 완료

[INFO] 2025-11-13 10:02:46,417 [main_window:main_window.py:17]
Thread: MainThread
Message: PLC 모니터링 애플리케이션 시작

[INFO] 2025-11-13 10:02:46,529 [main_window:main_window.py:83]
Thread: MainThread
Message: 윈도우 크기: 1920x900

[INFO] 2025-11-13 10:02:46,529 [main_window:main_window.py:84]
Thread: MainThread
Message: UI 초기화 완료

[INFO] 2025-11-13 10:02:47,837 [main_window:main_window.py:89]
Thread: MainThread
Message: 모니터링 시작

[INFO] 2025-11-13 10:12:15,157 [main_window:main_window.py:17]
Thread: MainThread
Message: PLC 모니터링 애플리케이션 시작

[INFO] 2025-11-13 10:12:15,270 [main_window:main_window.py:83]
Thread: MainThread
Message: 윈도우 크기: 1920x900

[INFO] 2025-11-13 10:12:15,270 [main_window:main_window.py:84]
Thread: MainThread
Message: UI 초기화 완료

[INFO] 2025-11-13 10:12:16,852 [main_window:main_window.py:89]
Thread: MainThread
Message: 모니터링 시작

[INFO] 2025-11-13 10:19:38,172 [main_window:main_window.py:17]
Thread: MainThread
Message: PLC 모니터링 애플리케이션 시작

[INFO] 2025-11-13 10:19:38,285 [main_window:main_window.py:83]
Thread: MainThread
Message: 윈도우 크기: 1920x900

[INFO] 2025-11-13 10:19:38,285 [main_window:main_window.py:84]
Thread: MainThread
Message: UI 초기화 완료

[INFO] 2025-11-13 10:19:40,445 [main_window:main_window.py:89]
Thread: MainThread
Message: 모니터링 시작

[INFO] 2025-11-13 10:28:48,222 [main_window:main_window.py:17]
Thread: MainThread
Message: PLC 모니터링 애플리케이션 시작

[INFO] 2025-11-13 10:28:48,335 [main_window:main_window.py:83]
Thread: MainThread
Message: 윈도우 크기: 1920x900

[INFO] 2025-11-13 10:28:48,336 [main_window:main_window.py:84]
Thread: MainThread
Message: UI 초기화 완료

[INFO] 2025-11-13 10:28:49,510 [main_window:main_window.py:89]
Thread: MainThread
Message: 모니터링 시작

[INFO] 2025-11-13 10:31:18,018 [main_window:main_window.py:17]
Thread: MainThread
Message: PLC 모니터링 애플리케이션 시작

[INFO] 2025-11-13 10:31:18,124 [main_window:main_window.py:83]
Thread: MainThread
Message: 윈도우 크기: 1920x900

[INFO] 2025-11-13 10:31:18,125 [main_window:main_window.py:84]
Thread: MainThread
Message: UI 초기화 완료

[INFO] 2025-11-13 10:49:51,489 [main_window:main_window.py:17]
Thread: MainThread
Message: PLC 모니터링 애플리케이션 시작

[INFO] 2025-11-13 10:49:51,595 [main_window:main_window.py:83]
Thread: MainThread
Message: 윈도우 크기: 1920x900

[INFO] 2025-11-13 10:49:51,595 [main_window:main_window.py:84]
Thread: MainThread
Message: UI 초기화 완료

[INFO] 2025-11-13 10:49:53,721 [main_window:main_window.py:89]
Thread: MainThread
Message: 모니터링 시작

[INFO] 2025-11-13 10:55:51,583 [main_window:main_window.py:17]
Thread: MainThread
Message: PLC 모니터링 애플리케이션 시작

[INFO] 2025-11-13 10:55:51,691 [main_window:main_window.py:83]
Thread: MainThread
Message: 윈도우 크기: 1920x900

[INFO] 2025-11-13 10:55:51,692 [main_window:main_window.py:84]
Thread: MainThread
Message: UI 초기화 완료

[INFO] 2025-11-13 10:55:53,651 [main_window:main_window.py:89]
Thread: MainThread
Message: 모니터링 시작

[INFO] 2025-11-13 11:10:28,679 [main_window:main_window.py:17]
Thread: MainThread
Message: PLC 모니터링 애플리케이션 시작

[INFO] 2025-11-13 11:10:28,798 [main_window:main_window.py:83]
Thread: MainThread
Message: 윈도우 크기: 1920x900

[INFO] 2025-11-13 11:10:28,798 [main_window:main_window.py:84]
Thread: MainThread
Message: UI 초기화 완료

[INFO] 2025-11-13 11:10:31,151 [main_window:main_window.py:89]
Thread: MainThread
Message: 모니터링 시작

[INFO] 2025-11-13 11:35:10,733 [main_window:main_window.py:17]
Thread: MainThread
Message: PLC 모니터링 애플리케이션 시작

[INFO] 2025-11-13 11:35:10,842 [main_window:main_window.py:83]
Thread: MainThread
Message: 윈도우 크기: 1920x900

[INFO] 2025-11-13 11:35:10,842 [main_window:main_window.py:84]
Thread: MainThread
Message: UI 초기화 완료

[INFO] 2025-11-13 11:35:26,608 [main_window:main_window.py:89]
Thread: MainThread
Message: 모니터링 시작

[INFO] 2025-11-13 11:37:30,420 [main_window:main_window.py:17]
Thread: MainThread
Message: PLC 모니터링 애플리케이션 시작

[INFO] 2025-11-13 11:37:30,526 [main_window:main_window.py:83]
Thread: MainThread
Message: 윈도우 크기: 1920x900

[INFO] 2025-11-13 11:37:30,526 [main_window:main_window.py:84]
Thread: MainThread
Message: UI 초기화 완료

[INFO] 2025-11-13 11:38:30,245 [main_window:main_window.py:89]
Thread: MainThread
Message: 모니터링 시작

[INFO] 2025-11-13 15:07:37,360 [main_window:main_window.py:17]
Thread: MainThread
Message: PLC 모니터링 애플리케이션 시작

[INFO] 2025-11-13 15:07:37,553 [main_window:main_window.py:83]
Thread: MainThread
Message: 윈도우 크기: 1920x900

[INFO] 2025-11-13 15:07:37,554 [main_window:main_window.py:84]
Thread: MainThread
Message: UI 초기화 완료

[INFO] 2025-11-13 15:14:06,675 [main_window:main_window.py:17]
Thread: MainThread
Message: PLC 모니터링 애플리케이션 시작

[INFO] 2025-11-13 15:20:09,584 [main_window:main_window.py:17]
Thread: MainThread
Message: PLC 모니터링 애플리케이션 시작

[INFO] 2025-11-13 15:20:09,703 [main_window:main_window.py:83]
Thread: MainThread
Message: 윈도우 크기: 1920x900

[INFO] 2025-11-13 15:20:09,703 [main_window:main_window.py:84]
Thread: MainThread
Message: UI 초기화 완료

[INFO] 2025-11-13 15:20:23,084 [main_window:main_window.py:17]
Thread: MainThread
Message: PLC 모니터링 애플리케이션 시작

[INFO] 2025-11-13 15:20:23,219 [main_window:main_window.py:83]
Thread: MainThread
Message: 윈도우 크기: 1920x900

[INFO] 2025-11-13 15:20:23,220 [main_window:main_window.py:84]
Thread: MainThread
Message: UI 초기화 완료

[INFO] 2025-11-13 15:20:40,755 [main_window:main_window.py:17]
Thread: MainThread
Message: PLC 모니터링 애플리케이션 시작

[INFO] 2025-11-13 15:20:40,885 [main_window:main_window.py:83]
Thread: MainThread
Message: 윈도우 크기: 1920x900

[INFO] 2025-11-13 15:20:40,885 [main_window:main_window.py:84]
Thread: MainThread
Message: UI 초기화 완료

[INFO] 2025-11-13 15:25:04,065 [main_window:main_window.py:89]
Thread: MainThread
Message: 모니터링 시작

[INFO] 2025-11-13 15:26:25,918 [main_window:main_window.py:17]
Thread: MainThread
Message: PLC 모니터링 애플리케이션 시작

[INFO] 2025-11-13 15:26:26,045 [main_window:main_window.py:83]
Thread: MainThread
Message: 윈도우 크기: 1920x900

[INFO] 2025-11-13 15:26:26,045 [main_window:main_window.py:84]
Thread: MainThread
Message: UI 초기화 완료

[INFO] 2025-11-13 15:26:27,661 [main_window:main_window.py:89]
Thread: MainThread
Message: 모니터링 시작

[INFO] 2025-11-13 15:26:41,030 [main_window:main_window.py:17]
Thread: MainThread
Message: PLC 모니터링 애플리케이션 시작

[INFO] 2025-11-13 15:26:41,152 [main_window:main_window.py:83]
Thread: MainThread
Message: 윈도우 크기: 1920x900

[INFO] 2025-11-13 15:26:41,152 [main_window:main_window.py:84]
Thread: MainThread
Message: UI 초기화 완료

[INFO] 2025-11-13 15:26:47,865 [main_window:main_window.py:89]
Thread: MainThread
Message: 모니터링 시작

[INFO] 2025-11-13 15:26:52,461 [main_window:main_window.py:92]
Thread: MainThread
Message: 모니터링 중지

[INFO] 2025-11-13 15:26:54,026 [main_window:main_window.py:89]
Thread: MainThread
Message: 모니터링 시작

[INFO] 2025-11-13 15:27:02,722 [main_window:main_window.py:17]
Thread: MainThread
Message: PLC 모니터링 애플리케이션 시작

[INFO] 2025-11-13 15:27:02,863 [main_window:main_window.py:83]
Thread: MainThread
Message: 윈도우 크기: 1920x900

[INFO] 2025-11-13 15:27:02,863 [main_window:main_window.py:84]
Thread: MainThread
Message: UI 초기화 완료

[INFO] 2025-11-13 15:27:04,260 [main_window:main_window.py:89]
Thread: MainThread
Message: 모니터링 시작

[INFO] 2025-11-13 15:28:10,033 [main_window:main_window.py:17]
Thread: MainThread
Message: PLC 모니터링 애플리케이션 시작

[INFO] 2025-11-13 15:28:10,158 [main_window:main_window.py:83]
Thread: MainThread
Message: 윈도우 크기: 1920x900

[INFO] 2025-11-13 15:28:10,159 [main_window:main_window.py:84]
Thread: MainThread
Message: UI 초기화 완료

[INFO] 2025-11-13 15:28:12,107 [main_window:main_window.py:89]
Thread: MainThread
Message: 모니터링 시작

[INFO] 2025-11-13 15:38:00,581 [main_window:main_window.py:17]
Thread: MainThread
Message: PLC 모니터링 애플리케이션 시작

[INFO] 2025-11-13 15:38:00,716 [main_window:main_window.py:83]
Thread: MainThread
Message: 윈도우 크기: 1920x900

[INFO] 2025-11-13 15:38:00,716 [main_window:main_window.py:84]
Thread: MainThread
Message: UI 초기화 완료

[INFO] 2025-11-13 15:39:35,675 [main_window:main_window.py:89]
Thread: MainThread
Message: 모니터링 시작

[INFO] 2025-11-13 15:41:11,815 [main_window:main_window.py:17]
Thread: MainThread
Message: PLC 모니터링 애플리케이션 시작

[INFO] 2025-11-13 15:41:11,943 [main_window:main_window.py:83]
Thread: MainThread
Message: 윈도우 크기: 1920x900

[INFO] 2025-11-13 15:41:11,943 [main_window:main_window.py:84]
Thread: MainThread
Message: UI 초기화 완료

[INFO] 2025-11-13 15:41:17,112 [main_window:main_window.py:89]
Thread: MainThread
Message: 모니터링 시작

[INFO] 2025-11-13 15:51:13,953 [main_window:main_window.py:17]
Thread: MainThread
Message: PLC 모니터링 애플리케이션 시작

[INFO] 2025-11-13 15:51:14,078 [main_window:main_window.py:83]
Thread: MainThread
Message: 윈도우 크기: 1920x900

[INFO] 2025-11-13 15:51:14,078 [main_window:main_window.py:84]
Thread: MainThread
Message: UI 초기화 완료

[INFO] 2025-11-13 15:51:16,595 [main_window:main_window.py:89]
Thread: MainThread
Message: 모니터링 시작

[INFO] 2025-11-13 15:56:16,522 [main_window:main_window.py:17]
Thread: MainThread
Message: PLC 모니터링 애플리케이션 시작

[INFO] 2025-11-13 15:56:16,646 [main_window:main_window.py:83]
Thread: MainThread
Message: 윈도우 크기: 1920x900

[INFO] 2025-11-13 15:56:16,646 [main_window:main_window.py:84]
Thread: MainThread
Message: UI 초기화 완료

[INFO] 2025-11-13 15:56:18,663 [main_window:main_window.py:89]
Thread: MainThread
Message: 모니터링 시작

[INFO] 2025-11-13 18:38:40,070 [main_window:main_window.py:17]
Thread: MainThread
Message: PLC 모니터링 애플리케이션 시작

[INFO] 2025-11-13 18:38:40,341 [main_window:main_window.py:83]
Thread: MainThread
Message: 윈도우 크기: 1920x900

[INFO] 2025-11-13 18:38:40,342 [main_window:main_window.py:84]
Thread: MainThread
Message: UI 초기화 완료

[INFO] 2025-11-13 18:41:55,734 [main_window:main_window.py:17]
Thread: MainThread
Message: PLC 모니터링 애플리케이션 시작

[INFO] 2025-11-13 18:41:55,849 [main_window:main_window.py:83]
Thread: MainThread
Message: 윈도우 크기: 1920x900

[INFO] 2025-11-13 18:41:55,850 [main_window:main_window.py:84]
Thread: MainThread
Message: UI 초기화 완료

[INFO] 2025-11-13 18:41:57,645 [main_window:main_window.py:89]
Thread: MainThread
Message: 모니터링 시작

[INFO] 2025-11-13 18:49:00,296 [main_window:main_window.py:17]
Thread: MainThread
Message: PLC 모니터링 애플리케이션 시작

[INFO] 2025-11-13 18:49:00,419 [main_window:main_window.py:83]
Thread: MainThread
Message: 윈도우 크기: 1920x900

[INFO] 2025-11-13 18:49:00,419 [main_window:main_window.py:84]
Thread: MainThread
Message: UI 초기화 완료

[INFO] 2025-11-13 18:49:06,611 [main_window:main_window.py:89]
Thread: MainThread
Message: 모니터링 시작

[INFO] 2025-11-13 18:50:20,818 [main_window:main_window.py:17]
Thread: MainThread
Message: PLC 모니터링 애플리케이션 시작

[INFO] 2025-11-13 18:50:20,932 [main_window:main_window.py:83]
Thread: MainThread
Message: 윈도우 크기: 1920x900

[INFO] 2025-11-13 18:50:20,933 [main_window:main_window.py:84]
Thread: MainThread
Message: UI 초기화 완료

[INFO] 2025-11-13 18:50:23,136 [main_window:main_window.py:89]
Thread: MainThread
Message: 모니터링 시작

[INFO] 2025-11-13 19:30:06,587 [main_window:main_window.py:17]
Thread: MainThread
Message: PLC 모니터링 애플리케이션 시작

[INFO] 2025-11-13 19:30:06,706 [main_window:main_window.py:83]
Thread: MainThread
Message: 윈도우 크기: 1920x900

[INFO] 2025-11-13 19:30:06,706 [main_window:main_window.py:84]
Thread: MainThread
Message: UI 초기화 완료

[INFO] 2025-11-13 19:33:22,049 [main_window:main_window.py:17]
Thread: MainThread
Message: PLC 모니터링 애플리케이션 시작

[INFO] 2025-11-13 19:33:22,169 [main_window:main_window.py:83]
Thread: MainThread
Message: 윈도우 크기: 1920x900

[INFO] 2025-11-13 19:33:22,169 [main_window:main_window.py:84]
Thread: MainThread
Message: UI 초기화 완료

[INFO] 2025-11-13 19:33:46,087 [main_window:main_window.py:89]
Thread: MainThread
Message: 모니터링 시작

[INFO] 2025-11-14 08:06:27,040 [main_window:main_window.py:17]
Thread: MainThread
Message: PLC 모니터링 애플리케이션 시작

[INFO] 2025-11-14 08:06:27,193 [main_window:main_window.py:83]
Thread: MainThread
Message: 윈도우 크기: 1920x900

[INFO] 2025-11-14 08:06:27,194 [main_window:main_window.py:84]
Thread: MainThread
Message: UI 초기화 완료

[INFO] 2025-11-14 08:06:41,582 [main_window:main_window.py:89]
Thread: MainThread
Message: 모니터링 시작

[INFO] 2025-11-14 08:15:41,852 [main_window:main_window.py:17]
Thread: MainThread
Message: PLC 모니터링 애플리케이션 시작

[INFO] 2025-11-14 08:15:41,979 [main_window:main_window.py:83]
Thread: MainThread
Message: 윈도우 크기: 1920x900

[INFO] 2025-11-14 08:15:41,979 [main_window:main_window.py:84]
Thread: MainThread
Message: UI 초기화 완료

[INFO] 2025-11-14 08:15:50,219 [main_window:main_window.py:89]
Thread: MainThread
Message: 모니터링 시작

[INFO] 2025-11-14 10:23:25,806 [main_window:main_window.py:17]
Thread: MainThread
Message: PLC 모니터링 애플리케이션 시작

[INFO] 2025-11-14 10:23:25,932 [main_window:main_window.py:83]
Thread: MainThread
Message: 윈도우 크기: 1920x900

[INFO] 2025-11-14 10:23:25,933 [main_window:main_window.py:84]
Thread: MainThread
Message: UI 초기화 완료

[INFO] 2025-11-14 10:23:28,162 [main_window:main_window.py:89]
Thread: MainThread
Message: 모니터링 시작

[INFO] 2025-11-14 10:27:22,664 [main_window:main_window.py:17]
Thread: MainThread
Message: PLC 모니터링 애플리케이션 시작

[INFO] 2025-11-14 10:27:22,805 [main_window:main_window.py:83]
Thread: MainThread
Message: 윈도우 크기: 1920x900

[INFO] 2025-11-14 10:27:22,806 [main_window:main_window.py:84]
Thread: MainThread
Message: UI 초기화 완료

[INFO] 2025-11-14 10:27:27,599 [main_window:main_window.py:89]
Thread: MainThread
Message: 모니터링 시작

[INFO] 2025-11-14 14:12:22,120 [main_window:main_window.py:17]
Thread: MainThread
Message: PLC 모니터링 애플리케이션 시작

[INFO] 2025-11-14 14:12:22,247 [main_window:main_window.py:83]
Thread: MainThread
Message: 윈도우 크기: 1920x900

[INFO] 2025-11-14 14:12:22,247 [main_window:main_window.py:84]
Thread: MainThread
Message: UI 초기화 완료

[INFO] 2025-11-14 14:13:26,389 [main_window:main_window.py:17]
Thread: MainThread
Message: PLC 모니터링 애플리케이션 시작

[INFO] 2025-11-14 14:13:26,510 [main_window:main_window.py:83]
Thread: MainThread
Message: 윈도우 크기: 1920x900

[INFO] 2025-11-14 14:13:26,510 [main_window:main_window.py:84]
Thread: MainThread
Message: UI 초기화 완료

[INFO] 2025-11-14 14:21:52,592 [main_window:main_window.py:17]
Thread: MainThread
Message: PLC 모니터링 애플리케이션 시작

[INFO] 2025-11-14 14:21:52,701 [main_window:main_window.py:83]
Thread: MainThread
Message: 윈도우 크기: 1920x900

[INFO] 2025-11-14 14:21:52,701 [main_window:main_window.py:84]
Thread: MainThread
Message: UI 초기화 완료

[INFO] 2025-11-14 14:31:55,056 [main_window:main_window.py:17]
Thread: MainThread
Message: PLC 모니터링 애플리케이션 시작

[INFO] 2025-11-14 14:31:55,182 [main_window:main_window.py:84]
Thread: MainThread
Message: 윈도우 크기: 1920x900

[INFO] 2025-11-14 14:31:55,182 [main_window:main_window.py:85]
Thread: MainThread
Message: UI 초기화 완료

[INFO] 2025-11-14 14:32:32,467 [main_window:main_window.py:17]
Thread: MainThread
Message: PLC 모니터링 애플리케이션 시작

[INFO] 2025-11-14 14:32:46,720 [main_window:main_window.py:17]
Thread: MainThread
Message: PLC 모니터링 애플리케이션 시작

[INFO] 2025-11-14 14:33:51,411 [main_window:main_window.py:17]
Thread: MainThread
Message: PLC 모니터링 애플리케이션 시작

[INFO] 2025-11-14 14:33:51,546 [main_window:main_window.py:84]
Thread: MainThread
Message: 윈도우 크기: 1920x900

[INFO] 2025-11-14 14:33:51,546 [main_window:main_window.py:85]
Thread: MainThread
Message: UI 초기화 완료

[INFO] 2025-11-14 14:50:23,076 [main_window:main_window.py:90]
Thread: MainThread
Message: 모니터링 시작

[INFO] 2025-11-14 15:01:55,236 [main_window:main_window.py:17]
Thread: MainThread
Message: PLC 모니터링 애플리케이션 시작

[INFO] 2025-11-14 15:01:55,369 [main_window:main_window.py:84]
Thread: MainThread
Message: 윈도우 크기: 1920x900

[INFO] 2025-11-14 15:01:55,369 [main_window:main_window.py:85]
Thread: MainThread
Message: UI 초기화 완료

[INFO] 2025-11-14 15:02:06,789 [main_window:main_window.py:90]
Thread: MainThread
Message: 모니터링 시작

[INFO] 2025-11-14 15:02:55,665 [main_window:main_window.py:17]
Thread: MainThread
Message: PLC 모니터링 애플리케이션 시작

[INFO] 2025-11-14 15:02:55,813 [main_window:main_window.py:84]
Thread: MainThread
Message: 윈도우 크기: 1920x900

[INFO] 2025-11-14 15:02:55,814 [main_window:main_window.py:85]
Thread: MainThread
Message: UI 초기화 완료

[INFO] 2025-11-14 15:02:57,946 [main_window:main_window.py:90]
Thread: MainThread
Message: 모니터링 시작

[INFO] 2025-11-14 15:03:59,255 [main_window:main_window.py:17]
Thread: MainThread
Message: PLC 모니터링 애플리케이션 시작

[INFO] 2025-11-14 15:03:59,382 [main_window:main_window.py:84]
Thread: MainThread
Message: 윈도우 크기: 1920x900

[INFO] 2025-11-14 15:03:59,383 [main_window:main_window.py:85]
Thread: MainThread
Message: UI 초기화 완료

[INFO] 2025-11-14 15:04:04,659 [main_window:main_window.py:90]
Thread: MainThread
Message: 모니터링 시작

[INFO] 2025-11-14 15:14:14,793 [main_window:main_window.py:17]
Thread: MainThread
Message: PLC 모니터링 애플리케이션 시작

[INFO] 2025-11-14 15:14:14,915 [main_window:main_window.py:84]
Thread: MainThread
Message: 윈도우 크기: 1920x900

[INFO] 2025-11-14 15:14:14,916 [main_window:main_window.py:85]
Thread: MainThread
Message: UI 초기화 완료

[INFO] 2025-11-14 15:14:28,340 [main_window:main_window.py:90]
Thread: MainThread
Message: 모니터링 시작

[INFO] 2025-11-14 15:16:56,783 [main_window:main_window.py:17]
Thread: MainThread
Message: PLC 모니터링 애플리케이션 시작

[INFO] 2025-11-14 15:16:56,917 [main_window:main_window.py:84]
Thread: MainThread
Message: 윈도우 크기: 1920x900

[INFO] 2025-11-14 15:16:56,917 [main_window:main_window.py:85]
Thread: MainThread
Message: UI 초기화 완료

[INFO] 2025-11-14 15:17:02,788 [main_window:main_window.py:90]
Thread: MainThread
Message: 모니터링 시작

[INFO] 2025-11-14 15:42:18,086 [main_window:main_window.py:17]
Thread: MainThread
Message: PLC 모니터링 애플리케이션 시작

[INFO] 2025-11-14 15:42:18,224 [main_window:main_window.py:84]
Thread: MainThread
Message: 윈도우 크기: 1920x1080

[INFO] 2025-11-14 15:42:18,224 [main_window:main_window.py:85]
Thread: MainThread
Message: UI 초기화 완료

[INFO] 2025-11-14 15:43:03,890 [main_window:main_window.py:17]
Thread: MainThread
Message: PLC 모니터링 애플리케이션 시작

[INFO] 2025-11-14 15:43:04,019 [main_window:main_window.py:84]
Thread: MainThread
Message: 윈도우 크기: 1920x1080

[INFO] 2025-11-14 15:43:04,020 [main_window:main_window.py:85]
Thread: MainThread
Message: UI 초기화 완료

[INFO] 2025-11-14 15:48:40,675 [main_window:main_window.py:107]
Thread: MainThread
Message: 모니터링 시작

[INFO] 2025-11-14 15:50:33,414 [main_window:main_window.py:17]
Thread: MainThread
Message: PLC 모니터링 애플리케이션 시작

[INFO] 2025-11-14 15:50:33,549 [main_window:main_window.py:84]
Thread: MainThread
Message: 윈도우 크기: 1920x1000

[INFO] 2025-11-14 15:50:33,549 [main_window:main_window.py:85]
Thread: MainThread
Message: UI 초기화 완료

[INFO] 2025-11-14 15:50:46,107 [main_window:main_window.py:17]
Thread: MainThread
Message: PLC 모니터링 애플리케이션 시작

[INFO] 2025-11-14 15:50:46,256 [main_window:main_window.py:84]
Thread: MainThread
Message: 윈도우 크기: 1920x1050

[INFO] 2025-11-14 15:50:46,257 [main_window:main_window.py:85]
Thread: MainThread
Message: UI 초기화 완료

[INFO] 2025-11-14 15:51:15,016 [main_window:main_window.py:107]
Thread: MainThread
Message: 모니터링 시작

[INFO] 2025-11-14 15:55:01,386 [main_window:main_window.py:17]
Thread: MainThread
Message: PLC 모니터링 애플리케이션 시작

[INFO] 2025-11-14 15:55:01,498 [main_window:main_window.py:84]
Thread: MainThread
Message: 윈도우 크기: 1920x1050

[INFO] 2025-11-14 15:55:01,498 [main_window:main_window.py:85]
Thread: MainThread
Message: UI 초기화 완료

[INFO] 2025-11-14 15:55:04,463 [main_window:main_window.py:107]
Thread: MainThread
Message: 모니터링 시작

[INFO] 2025-11-14 16:02:59,709 [main_window:main_window.py:17]
Thread: MainThread
Message: PLC 모니터링 애플리케이션 시작

[INFO] 2025-11-14 16:02:59,838 [main_window:main_window.py:84]
Thread: MainThread
Message: 윈도우 크기: 1920x1050

[INFO] 2025-11-14 16:02:59,839 [main_window:main_window.py:85]
Thread: MainThread
Message: UI 초기화 완료

[INFO] 2025-11-14 16:03:02,232 [main_window:main_window.py:107]
Thread: MainThread
Message: 모니터링 시작

[INFO] 2025-11-14 16:05:05,087 [main_window:main_window.py:17]
Thread: MainThread
Message: PLC 모니터링 애플리케이션 시작

[INFO] 2025-11-14 16:05:05,202 [main_window:main_window.py:84]
Thread: MainThread
Message: 윈도우 크기: 1920x1050

[INFO] 2025-11-14 16:05:05,203 [main_window:main_window.py:85]
Thread: MainThread
Message: UI 초기화 완료

[INFO] 2025-11-14 16:05:08,504 [main_window:main_window.py:107]
Thread: MainThread
Message: 모니터링 시작

[INFO] 2025-11-14 16:17:57,457 [main_window:main_window.py:19]
Thread: MainThread
Message: PLC 모니터링 애플리케이션 시작

[INFO] 2025-11-14 16:17:57,589 [main_window:main_window.py:93]
Thread: MainThread
Message: 윈도우 크기: 1920x1050

[INFO] 2025-11-14 16:17:57,590 [main_window:main_window.py:94]
Thread: MainThread
Message: UI 초기화 완료

[INFO] 2025-11-14 16:23:39,255 [main_window:main_window.py:116]
Thread: MainThread
Message: 모니터링 시작

[INFO] 2025-11-14 16:23:50,589 [main_window:main_window.py:119]
Thread: MainThread
Message: 모니터링 중지

[INFO] 2025-11-14 16:26:54,682 [main_window:main_window.py:19]
Thread: MainThread
Message: PLC 모니터링 애플리케이션 시작

[INFO] 2025-11-14 16:26:54,794 [main_window:main_window.py:93]
Thread: MainThread
Message: 윈도우 크기: 1920x1050

[INFO] 2025-11-14 16:26:54,795 [main_window:main_window.py:94]
Thread: MainThread
Message: UI 초기화 완료

[INFO] 2025-11-14 16:27:49,730 [main_window:main_window.py:116]
Thread: MainThread
Message: 모니터링 시작

[INFO] 2025-11-14 16:33:10,891 [main_window:main_window.py:19]
Thread: MainThread
Message: PLC 모니터링 애플리케이션 시작

[INFO] 2025-11-14 16:33:11,014 [main_window:main_window.py:93]
Thread: MainThread
Message: 윈도우 크기: 1920x1050

[INFO] 2025-11-14 16:33:11,014 [main_window:main_window.py:94]
Thread: MainThread
Message: UI 초기화 완료

[INFO] 2025-11-14 16:33:12,650 [main_window:main_window.py:116]
Thread: MainThread
Message: 모니터링 시작

[INFO] 2025-11-14 16:40:40,199 [main_window:main_window.py:19]
Thread: MainThread
Message: PLC 모니터링 애플리케이션 시작

[INFO] 2025-11-14 16:40:40,318 [main_window:main_window.py:93]
Thread: MainThread
Message: 윈도우 크기: 1920x1050

[INFO] 2025-11-14 16:40:40,319 [main_window:main_window.py:94]
Thread: MainThread
Message: UI 초기화 완료

[INFO] 2025-11-14 16:46:15,902 [main_window:main_window.py:19]
Thread: MainThread
Message: PLC 모니터링 애플리케이션 시작

[INFO] 2025-11-14 16:46:16,039 [main_window:main_window.py:93]
Thread: MainThread
Message: 윈도우 크기: 1920x1050

[INFO] 2025-11-14 16:46:16,040 [main_window:main_window.py:94]
Thread: MainThread
Message: UI 초기화 완료

[INFO] 2025-11-14 16:46:17,809 [main_window:main_window.py:116]
Thread: MainThread
Message: 모니터링 시작

[INFO] 2025-11-17 09:53:04,291 [main_window:main_window.py:19]
Thread: MainThread
Message: PLC 모니터링 애플리케이션 시작

[INFO] 2025-11-17 09:53:04,404 [main_window:main_window.py:93]
Thread: MainThread
Message: 윈도우 크기: 1920x1050

[INFO] 2025-11-17 09:53:04,405 [main_window:main_window.py:94]
Thread: MainThread
Message: UI 초기화 완료

[INFO] 2025-11-17 09:53:06,168 [main_window:main_window.py:116]
Thread: MainThread
Message: 모니터링 시작

[INFO] 2025-11-17 18:43:46,966 [main_window:main_window.py:19]
Thread: MainThread
Message: PLC 모니터링 애플리케이션 시작

[INFO] 2025-11-17 18:43:47,076 [main_window:main_window.py:93]
Thread: MainThread
Message: 윈도우 크기: 1920x1050

[INFO] 2025-11-17 18:43:47,077 [main_window:main_window.py:94]
Thread: MainThread
Message: UI 초기화 완료

[INFO] 2025-11-17 18:43:59,969 [main_window:main_window.py:116]
Thread: MainThread
Message: 모니터링 시작

[INFO] 2025-11-17 20:19:11,812 [main_window:main_window.py:119]
Thread: MainThread
Message: 모니터링 중지

[INFO] 2025-12-04 09:40:15,058 [main_window:main_window.py:19]
Thread: MainThread
Message: PLC 모니터링 애플리케이션 시작

[INFO] 2025-12-04 09:40:15,278 [main_window:main_window.py:93]
Thread: MainThread
Message: 윈도우 크기: 1920x1050

[INFO] 2025-12-04 09:40:15,279 [main_window:main_window.py:94]
Thread: MainThread
Message: UI 초기화 완료

