[ERROR] 2025-11-17 18:44:51,976 [temperature_logger:temperature_logger.py:210] - _read_csv_rows: CSV 읽기 실패: C:\Users\202202773-NB\PycharmProjects\DFHT\temperature_logs\temperature_T1_6588_normal_20251114_081551.csv, 예외: 'utf-8' codec can't decode byte 0xe0 in position 10: invalid continuation byte
Traceback (most recent call last):
  File "C:\Users\202202773-NB\PycharmProjects\DFHT\src\utils\temperature_logger.py", line 205, in _read_csv_rows
    for row in reader:
               ^^^^^^
  File "<frozen codecs>", line 325, in decode
UnicodeDecodeError: 'utf-8' codec can't decode byte 0xe0 in position 10: invalid continuation byte
[ERROR] 2025-11-17 18:45:35,988 [temperature_logger:temperature_logger.py:210] - _read_csv_rows: CSV 읽기 실패: C:\Users\202202773-NB\PycharmProjects\DFHT\temperature_logs\temperature_T1_6588_normal_20251114_081551.csv, 예외: 'utf-8' codec can't decode byte 0xe0 in position 10: invalid continuation byte
Traceback (most recent call last):
  File "C:\Users\202202773-NB\PycharmProjects\DFHT\src\utils\temperature_logger.py", line 205, in _read_csv_rows
    for row in reader:
               ^^^^^^
  File "<frozen codecs>", line 325, in decode
UnicodeDecodeError: 'utf-8' codec can't decode byte 0xe0 in position 10: invalid continuation byte
[ERROR] 2025-11-17 18:45:44,972 [temperature_logger:temperature_logger.py:210] - _read_csv_rows: CSV 읽기 실패: C:\Users\202202773-NB\PycharmProjects\DFHT\temperature_logs\temperature_T1_6588_normal_20251114_081551.csv, 예외: 'utf-8' codec can't decode byte 0xe0 in position 10: invalid continuation byte
Traceback (most recent call last):
  File "C:\Users\202202773-NB\PycharmProjects\DFHT\src\utils\temperature_logger.py", line 205, in _read_csv_rows
    for row in reader:
               ^^^^^^
  File "<frozen codecs>", line 325, in decode
UnicodeDecodeError: 'utf-8' codec can't decode byte 0xe0 in position 10: invalid continuation byte
