[INFO] 2025-11-17 09:53:06,164 [trigger_monitor:trigger_monitor_widget.py:331] - 트리거 모니터링 시작
[INFO] 2025-11-17 09:53:07,183 [trigger_monitor:trigger_monitor_widget.py:409] - 트리거 감지 (카운트: 1)
[INFO] 2025-11-17 18:43:59,969 [trigger_monitor:trigger_monitor_widget.py:331] - 트리거 모니터링 시작
[INFO] 2025-11-17 18:44:47,975 [trigger_monitor:trigger_monitor_widget.py:409] - 트리거 감지 (카운트: 1)
[INFO] 2025-11-17 18:44:51,973 [trigger_monitor:trigger_monitor_widget.py:425] - trigger_released: tube_id=1, job_id=6588
[INFO] 2025-11-17 18:44:51,986 [trigger_monitor:trigger_monitor_widget.py:439] - 최신 normal 온도 로그: C:\Users\202202773-NB\PycharmProjects\DFHT\temperature_logs\temperature_T1_6588_normal_20251114_081551.csv
[INFO] 2025-11-17 18:44:51,988 [trigger_monitor:trigger_monitor_widget.py:447] - new_left_table_value: [0, 1, 3, 2, 2, 3, 1, 0, -20, 25, 52, 7, 7, 7, 1, -6]
[INFO] 2025-11-17 18:44:51,988 [trigger_monitor:trigger_monitor_widget.py:453] - 최신 high 온도 로그: C:\Users\202202773-NB\PycharmProjects\DFHT\temperature_logs\temperature_T1_6588_high_20251114_081551.csv
[INFO] 2025-11-17 18:44:51,991 [trigger_monitor:trigger_monitor_widget.py:461] - new_right_table_value: [0, 2, 6, 4, 4, 6, 2, 0, -20, 25, 54, 8, 8, 8, 1, -6]
[INFO] 2025-11-17 18:45:30,967 [trigger_monitor:trigger_monitor_widget.py:409] - 트리거 감지 (카운트: 2)
[INFO] 2025-11-17 18:45:35,983 [trigger_monitor:trigger_monitor_widget.py:425] - trigger_released: tube_id=1, job_id=6588
[INFO] 2025-11-17 18:45:36,016 [trigger_monitor:trigger_monitor_widget.py:439] - 최신 normal 온도 로그: C:\Users\202202773-NB\PycharmProjects\DFHT\temperature_logs\temperature_T1_6588_normal_20251114_081551.csv
[INFO] 2025-11-17 18:45:36,017 [trigger_monitor:trigger_monitor_widget.py:447] - new_left_table_value: [0, 1, 3, 2, 2, 3, 1, 0, -20, 25, 52, 7, 7, 7, 1, -6]
[INFO] 2025-11-17 18:45:36,017 [trigger_monitor:trigger_monitor_widget.py:453] - 최신 high 온도 로그: C:\Users\202202773-NB\PycharmProjects\DFHT\temperature_logs\temperature_T1_6588_high_20251114_081551.csv
[INFO] 2025-11-17 18:45:36,019 [trigger_monitor:trigger_monitor_widget.py:461] - new_right_table_value: [0, 2, 6, 4, 4, 6, 2, 0, -20, 25, 54, 8, 8, 8, 1, -6]
[INFO] 2025-11-17 18:45:41,977 [trigger_monitor:trigger_monitor_widget.py:409] - 트리거 감지 (카운트: 3)
[INFO] 2025-11-17 18:45:44,970 [trigger_monitor:trigger_monitor_widget.py:425] - trigger_released: tube_id=1, job_id=6588
[INFO] 2025-11-17 18:45:44,976 [trigger_monitor:trigger_monitor_widget.py:439] - 최신 normal 온도 로그: C:\Users\202202773-NB\PycharmProjects\DFHT\temperature_logs\temperature_T1_6588_normal_20251114_081551.csv
[INFO] 2025-11-17 18:45:44,977 [trigger_monitor:trigger_monitor_widget.py:447] - new_left_table_value: [0, 1, 3, 2, 2, 3, 1, 0, -20, 25, 52, 7, 7, 7, 1, -6]
[INFO] 2025-11-17 18:45:44,977 [trigger_monitor:trigger_monitor_widget.py:453] - 최신 high 온도 로그: C:\Users\202202773-NB\PycharmProjects\DFHT\temperature_logs\temperature_T1_6588_high_20251114_081551.csv
[INFO] 2025-11-17 18:45:44,981 [trigger_monitor:trigger_monitor_widget.py:461] - new_right_table_value: [0, 2, 6, 4, 4, 6, 2, 0, -20, 25, 54, 8, 8, 8, 1, -6]
[INFO] 2025-11-17 18:46:27,973 [trigger_monitor:trigger_monitor_widget.py:409] - 트리거 감지 (카운트: 4)
[INFO] 2025-11-17 18:46:29,981 [trigger_monitor:trigger_monitor_widget.py:425] - trigger_released: tube_id=1, job_id=6588
[INFO] 2025-11-17 18:46:30,013 [trigger_monitor:trigger_monitor_widget.py:439] - 최신 normal 온도 로그: C:\Users\202202773-NB\PycharmProjects\DFHT\temperature_logs\temperature_T1_6588_normal_20251114_081551.csv
[INFO] 2025-11-17 18:46:30,016 [trigger_monitor:trigger_monitor_widget.py:447] - new_left_table_value: [0, 2, 6, 4, 4, 6, 2, 0, -20, 25, 54, 8, 8, 8, 1, -6]
[INFO] 2025-11-17 18:46:30,016 [trigger_monitor:trigger_monitor_widget.py:453] - 최신 high 온도 로그: C:\Users\202202773-NB\PycharmProjects\DFHT\temperature_logs\temperature_T1_6588_high_20251114_081551.csv
[INFO] 2025-11-17 18:46:30,019 [trigger_monitor:trigger_monitor_widget.py:461] - new_right_table_value: [0, 2, 6, 4, 4, 6, 2, 0, -20, 25, 54, 8, 8, 8, 1, -6]
[INFO] 2025-11-17 20:19:11,811 [trigger_monitor:trigger_monitor_widget.py:336] - 트리거 모니터링 중지
